[debug] [2021-05-28T19:29:41.375Z] ----------------------------------------------------------------------
[debug] [2021-05-28T19:29:41.377Z] Command:       C:\Program Files\nodejs\node.exe C:\Users\brIan\AppData\Roaming\npm\node_modules\firebase-tools\lib\bin\firebase.js init emulators
[debug] [2021-05-28T19:29:41.377Z] CLI Version:   9.10.2
[debug] [2021-05-28T19:29:41.377Z] Platform:      win32
[debug] [2021-05-28T19:29:41.377Z] Node Version:  v14.16.1
[debug] [2021-05-28T19:29:41.378Z] Time:          Fri May 28 2021 12:29:41 GMT-0700 (Pacific Daylight Time)
[debug] [2021-05-28T19:29:41.378Z] ----------------------------------------------------------------------
[debug] 
[debug] [2021-05-28T19:29:41.381Z] >>> [apiv2][query] GET https://firebase-public.firebaseio.com/cli.json [none]
[debug] [2021-05-28T19:29:41.401Z] > command requires scopes: ["email","openid","https://www.googleapis.com/auth/cloudplatformprojects.readonly","https://www.googleapis.com/auth/firebase","https://www.googleapis.com/auth/cloud-platform"]
[debug] [2021-05-28T19:29:41.402Z] > authorizing via signed-in user (bhl@pdx.edu)
[info] 
     ######## #### ########  ######## ########     ###     ######  ########
     ##        ##  ##     ## ##       ##     ##  ##   ##  ##       ##
     ######    ##  ########  ######   ########  #########  ######  ######
     ##        ##  ##    ##  ##       ##     ## ##     ##       ## ##
     ##       #### ##     ## ######## ########  ##     ##  ######  ########

You're about to initialize a Firebase project in this directory:

  C:\Users\brIan\OneDrive\Documents\Computer Science\CS465P\pacman-game

[debug] [2021-05-28T19:29:41.944Z] <<< [apiv2][status] GET https://firebase-public.firebaseio.com/cli.json 200
[debug] [2021-05-28T19:29:41.944Z] <<< [apiv2][body] GET https://firebase-public.firebaseio.com/cli.json {"cloudBuildErrorAfter":1594252800000,"cloudBuildWarnAfter":1590019200000,"defaultNode10After":1594252800000,"minVersion":"3.0.5","node8DeploysDisabledAfter":1613390400000,"node8RuntimeDisabledAfter":1615809600000,"node8WarnAfter":1600128000000}
[info] 
=== Project Setup
[info] 
[info] First, let's associate this project directory with a Firebase project.
[info] You can create multiple project aliases by running firebase use --add, 
[info] but for now we'll just set up a default project.
[info] 
